Arguments: 
  /Users/yathiraj/.nvm/versions/node/v10.21.0/bin/node /Users/yathiraj/.nvm/versions/node/v10.21.0/bin/yarn init

PATH: 
  /Users/yathiraj/.nvm/versions/node/v10.21.0/bin:/Users/yathiraj/Library/Python/2.7/bin:/usr/local/opt/gnu-sed/libexec/gnubin:/usr/local/opt/coreutils/libexec/gnubin:/Users/yathiraj/.amplify/bin:/usr/local/bin:/usr/bin:/bin:/usr/sbin:/sbin:/Library/Apple/usr/bin:/usr/local/share/dotnet:~/.dotnet/tools:/usr/local/go/bin:/Users/yathiraj/Library/Python/2.7/bin:/usr/local/opt/gnu-sed/libexec/gnubin:/usr/local/opt/coreutils/libexec/gnubin

Yarn version: 
  1.22.4

Node version: 
  10.21.0

Platform: 
  darwin x64

Trace: 
  Error: canceled
      at Interface.<anonymous> (/Users/yathiraj/.nvm/versions/node/v10.21.0/lib/node_modules/yarn/lib/cli.js:137008:13)
      at Interface.emit (events.js:198:13)
      at Interface._ttyWrite (readline.js:801:16)
      at ReadStream.onkeypress (readline.js:184:10)
      at ReadStream.emit (events.js:198:13)
      at emitKeys (internal/readline.js:424:14)
      at emitKeys.next (<anonymous>)
      at ReadStream.onData (readline.js:1073:36)
      at ReadStream.emit (events.js:198:13)
      at addChunk (_stream_readable.js:288:12)

npm manifest: 
  No manifest

yarn manifest: 
  No manifest

Lockfile: 
  No lockfile
